Log file open, 11/13/14 11:45:50
LogInit:Display: Running engine for game: FlightGame
LogInit: Version: 4.5.1-2336687+++depot+UE4-Releases+4.5
LogInit: API Version: 2326478
LogInit: Compiled (64-bit): Oct 21 2014 22:32:40
LogInit: Compiled with Visual C++: 18.00.21005.01
LogInit: Build Configuration: Development
LogInit: Branch Name: ++depot+UE4-Releases+4.5
LogInit: Command line: 
LogInit: Base directory: J:/Program Files/Unreal Engine/4.5/Engine/Binaries/Win64/
LogInit: Rocket: 1
[2014.11.13-11.45.50:973][  0]LogTaskGraph: Started task graph with 3 named threads and 4 total threads.
[2014.11.13-11.45.51:008][  0]LogOnline:Warning: No default platform service specified for OnlineSubsystem
[2014.11.13-11.45.51:035][  0]LogInit: Presizing for 0 objects not considered by GC, pre-allocating 0 bytes.
[2014.11.13-11.45.51:049][  0]LogInit: Object subsystem initialized
[2014.11.13-11.45.51:052][  0]LogConsoleResponse:Warning: Skipping Unknown console variable: 'UIScaleRule = ShortestSide'
[2014.11.13-11.45.51:052][  0]LogConsoleResponse:Warning:   Found in ini file 'J:/programming/unreal/sourceControlledUnrealProjects/FlightGame/FlightGame/Saved/Config/Windows/Engine.ini', in section '[/Script/Engine.RendererSettings]'
[2014.11.13-11.45.51:052][  0]LogConsoleResponse:Warning: Skipping Unknown console variable: 'UIScaleCurve = (EditorCurveData=(Keys=((Time=480,Value=0.444),(Time=720,Value=0.666),(Time=1080,Value=1.0),(Time=8640,Value=8.0))),ExternalCurve=None)'
[2014.11.13-11.45.51:052][  0]LogConsoleResponse:Warning:   Found in ini file 'J:/programming/unreal/sourceControlledUnrealProjects/FlightGame/FlightGame/Saved/Config/Windows/Engine.ini', in section '[/Script/Engine.RendererSettings]'
[2014.11.13-11.45.51:053][  0]LogInit: Selected Device Profile: [Windows]
[2014.11.13-11.45.51:053][  0]LogInit: Applying CVar settings loaded from the selected device profile: [Windows]
[2014.11.13-11.45.51:059][  0]LogInit: Computer: WINGAY-PC
[2014.11.13-11.45.51:059][  0]LogInit: User: wingay
[2014.11.13-11.45.51:060][  0]LogInit: CPU Page size=4096, Cores=4
[2014.11.13-11.45.51:060][  0]LogInit: High frequency timer resolution =3.215410 MHz
[2014.11.13-11.45.51:060][  0]LogMemory: Memory total: Physical=16.0GB (16GB approx) Virtual=8192.0GB
[2014.11.13-11.45.51:060][  0]LogMemory: Platform Memory Stats for Windows
[2014.11.13-11.45.51:060][  0]LogMemory: Process Physical Memory: 62.72 MB used, 62.72 MB peak
[2014.11.13-11.45.51:060][  0]LogMemory: Process Virtual Memory: 38.48 MB used, 38.48 MB peak
[2014.11.13-11.45.51:060][  0]LogMemory: Physical Memory: 4815.62 MB used, 16367.43 MB total
[2014.11.13-11.45.51:060][  0]LogMemory: Virtual Memory: 271.47 MB used, 8388608.00 MB total
[2014.11.13-11.45.51:080][  0]LogD3D11RHI: Found D3D11 adapter 0: NVIDIA GeForce GTX 570  (Feature Level 11_0)
[2014.11.13-11.45.51:080][  0]LogD3D11RHI: Adapter has 1232MB of dedicated video memory, 0MB of dedicated system memory, and 2815MB of shared system memory, 2 output[s]
[2014.11.13-11.45.51:080][  0]LogD3D11RHI: Chosen D3D11 Adapter Id = 0
[2014.11.13-11.45.51:083][  0]LogRHI: Texture pool is 862 MB (70% of 1232 MB)
[2014.11.13-11.45.51:090][  0]LogD3D11RHI: Async texture creation enabled
[2014.11.13-11.45.51:131][  0]LogTextLocalizationManager: The requested culture ('en_GB') has no localization data; parent culture's ('en') localization data will be used.
[2014.11.13-11.45.51:255][  0]LogContentStreaming: Texture pool size is 0.000000MB
[2014.11.13-11.45.55:761][  0]LogTargetPlatformManager:Display: Building Assets For Windows
[2014.11.13-11.45.56:116][  0]LogTargetPlatformManager:Display: Building Assets For Windows
[2014.11.13-11.45.56:161][  0]LogDerivedDataCache:Display: Max Cache Size: 512 MB
[2014.11.13-11.45.56:195][  0]LogDerivedDataCache: Loaded boot cache 0.03s 39MB C:/Users/wingay/AppData/Local/UnrealEngine/4.5/DerivedDataCache/Boot.ddc.
[2014.11.13-11.45.56:195][  0]LogDerivedDataCache:Display: Loaded Boot cache: C:/Users/wingay/AppData/Local/UnrealEngine/4.5/DerivedDataCache/Boot.ddc
[2014.11.13-11.45.56:195][  0]LogDerivedDataCache: FDerivedDataBackendGraph:  Pak pak cache file ../../../../../../programming/unreal/sourceControlledUnrealProjects/FlightGame/FlightGame/DerivedDataCache/DDC.ddp not found, will not use a pak cache.
[2014.11.13-11.45.56:195][  0]LogDerivedDataCache: Unable to find inner node Pak for hierarchical cache Hierarchy.
[2014.11.13-11.45.56:259][  0]LogDerivedDataCache:Display: Pak cache opened for reading ../../../Engine/DerivedDataCache/DDC.ddp.
[2014.11.13-11.45.56:270][  0]LogDerivedDataCache: Using Local data cache path C:/Users/wingay/AppData/Local/UnrealEngine/Common/DerivedDataCache: Writable
[2014.11.13-11.45.56:418][  0]LogMeshUtilities: No automatic mesh reduction module available
[2014.11.13-11.45.56:418][  0]LogMeshUtilities: No automatic mesh merging module available
[2014.11.13-11.45.56:610][  0]LogLinker:Warning: Asset '../../../Engine/Content/Functions/Engine_MaterialFunctions02/Texturing/FlipBook.uasset' has been saved with empty engine version. The asset will be loaded but may be incompatible.
[2014.11.13-11.45.56:612][  0]LogLinker:Warning: Asset '../../../Engine/Content/Functions/Engine_MaterialFunctions02/ExampleContent/Textures/flipbook.uasset' has been saved with empty engine version. The asset will be loaded but may be incompatible.
[2014.11.13-11.45.56:757][  0]LogInit: WinSock: version 1.1 (2.2), MaxSocks=32767, MaxUdp=65467
[2014.11.13-11.45.57:571][  0]UdpMessaging: Initializing bridge on interface 0.0.0.0:0 to multicast group 230.0.0.1:6666.
[2014.11.13-11.45.57:761][  0]LogDirectoryWatcher:Warning: Failed to begin reading directory changes for J:/programming/unreal/sourceControlledUnrealProjects/FlightGame/FlightGame/Binaries/Win64. Error: 0
[2014.11.13-11.45.57:869][  0]SourceControl: Info Source control is disabled
[2014.11.13-11.45.57:869][  0]SourceControl: Info Source control is disabled
[2014.11.13-11.45.57:875][  0]SourceControl: Info Source control is disabled
[2014.11.13-11.45.57:964][  0]LogObj: 22915 objects as part of root set at end of initial load.
[2014.11.13-11.45.57:964][  0]LogUObjectAllocator: 4803544 out of 0 bytes used by permanent object pool.
[2014.11.13-11.45.58:014][  0]LogEngine: Initializing Engine...
[2014.11.13-11.45.58:133][  0]LogInit: XAudio2 using 'Line Out (2- Scarlett 2i2 USB)' : 2 channels at 44.1 kHz using 16 bits per sample (channel mask 0x3)
[2014.11.13-11.45.58:139][  0]LogInit: FAudioDevice initialized.
[2014.11.13-11.45.58:155][  0]LogAIModule: Creating AISystem for world NewWorld
[2014.11.13-11.45.58:172][  0]LogDerivedDataCache: Saved boot cache 0.02s 39MB C:/Users/wingay/AppData/Local/UnrealEngine/4.5/DerivedDataCache/Boot.ddc.
[2014.11.13-11.45.58:176][  0]LogInit: Texture streaming: Enabled
[2014.11.13-11.45.58:209][  0]LogInit: Transaction tracking system initialized
[2014.11.13-11.45.58:279][  0]BlueprintLog: New page: Editor Load
[2014.11.13-11.45.58:304][  0]LogAssetRegistry: FAssetRegistry took 0.0100 seconds to start up
[2014.11.13-11.45.58:304][  0]LogDirectoryWatcher:Warning: Failed to begin reading directory changes for ../../../Engine/Plugins/Experimental/CharacterAI/Content/. Error: 0
[2014.11.13-11.45.58:677][  0]LogTargetPlatformManager:Display: Building Assets For Windows
[2014.11.13-11.45.58:951][  0]LogTargetPlatformManager:Display: Building Assets For Windows
[2014.11.13-11.46.00:271][  0]LogConsoleResponse:Display: 
[2014.11.13-11.46.00:427][  0]SourceControl: Info Source control is disabled
[2014.11.13-11.46.00:427][  0]Cmd: MAP LOAD FILE="../../../../../../programming/unreal/sourceControlledUnrealProjects/FlightGame/FlightGame/Content/Maps/Example_Map.umap" TEMPLATE=0 SHOWPROGRESS=1
[2014.11.13-11.46.00:427][  0]LightingResults: New page: Lighting Build
[2014.11.13-11.46.00:435][  0]MapCheck: New page: Map Check
[2014.11.13-11.46.00:435][  0]LightingResults: New page: Lighting Build
[2014.11.13-11.46.00:456][  0]LogParticles: Destroying 0 GPU particle simulations for FXSystem 0x0000000013736840
[2014.11.13-11.46.00:766][  0]LogEditorServer: Finished look